<?xml version="1.0" encoding="UTF-8"?>
<!-- Generated by org.testng.reporters.JUnitReportReporter -->
<testsuite skipped="0" hostname="BDC6-DX-6FXCNK2" name="PageObjectModel_Day2.PageObject2" tests="1" failures="0" timestamp="2019-09-25T11:28:29 IST" time="11.466" errors="0">
  <testcase name="f" time="11.466" classname="PageObjectModel_Day2.PageObject2"/>
</testsuite> <!-- PageObjectModel_Day2.PageObject2 -->
